<?xml version="1.0" encoding="UTF-8"?>
<testsuites name="jest tests" tests="3" failures="3" errors="0" time="4.136">
  <testsuite name="src/__tests__/main.test.js" errors="0" failures="3" skipped="0" timestamp="2024-09-05T12:20:26" time="3.794" tests="3">
    <testcase classname="" name="handles deeply nested field structures correctly" time="0.027">
      <failure>TestingLibraryElementError: Unable to find a label with the text of: /area/i

Ignored nodes: comments, script, style
&lt;body&gt;
  &lt;div&gt;
    &lt;form
      class=&quot;form-container&quot;
      role=&quot;form&quot;
    &gt;
      &lt;div
        class=&quot;form-field-container text&quot;
      &gt;
        &lt;label
          for=&quot;name&quot;
        &gt;
          Name
        &lt;/label&gt;
        &lt;input
          id=&quot;name&quot;
          name=&quot;name&quot;
          placeholder=&quot;Enter your name&quot;
          type=&quot;text&quot;
        /&gt;
      &lt;/div&gt;
      &lt;div
        class=&quot;form-field-container checkbox&quot;
      &gt;
        &lt;label
          for=&quot;subscribe&quot;
        &gt;
          Subscribe to newsletter
        &lt;/label&gt;
        &lt;input
          id=&quot;subscribe&quot;
          name=&quot;subscribe&quot;
          type=&quot;checkbox&quot;
        /&gt;
      &lt;/div&gt;
      &lt;div
        class=&quot;form-field-container nested&quot;
      &gt;
        &lt;label
          for=&quot;address&quot;
        &gt;
          Address
        &lt;/label&gt;
      &lt;/div&gt;
      &lt;button
        class=&quot;submit-btn&quot;
        type=&quot;submit&quot;
      &gt;
        Submit
      &lt;/button&gt;
    &lt;/form&gt;
  &lt;/div&gt;
&lt;/body&gt;
    at Object.getElementError (/Users/siva.manyam/frontend/projects/he-hello-world/node_modules/@testing-library/dom/dist/config.js:37:19)
    at getAllByLabelText (/Users/siva.manyam/frontend/projects/he-hello-world/node_modules/@testing-library/dom/dist/queries/label-text.js:111:38)
    at /Users/siva.manyam/frontend/projects/he-hello-world/node_modules/@testing-library/dom/dist/query-helpers.js:52:17
    at getByLabelText (/Users/siva.manyam/frontend/projects/he-hello-world/node_modules/@testing-library/dom/dist/query-helpers.js:95:19)
    at Object.&lt;anonymous&gt; (/Users/siva.manyam/frontend/projects/he-hello-world/src/__tests__/main.test.js:114:28)
    at Object.asyncJestTest (/Users/siva.manyam/frontend/projects/he-hello-world/node_modules/jest-jasmine2/build/jasmineAsyncInstall.js:106:37)
    at /Users/siva.manyam/frontend/projects/he-hello-world/node_modules/jest-jasmine2/build/queueRunner.js:45:12
    at new Promise (&lt;anonymous&gt;)
    at mapper (/Users/siva.manyam/frontend/projects/he-hello-world/node_modules/jest-jasmine2/build/queueRunner.js:28:19)
    at /Users/siva.manyam/frontend/projects/he-hello-world/node_modules/jest-jasmine2/build/queueRunner.js:75:41</failure>
    </testcase>
    <testcase classname="" name="form should validate and submit correctly with flat data" time="0.014">
      <failure>TestingLibraryElementError: Unable to find a label with the text of: /neighborhood/i

Ignored nodes: comments, script, style
&lt;body&gt;
  &lt;div&gt;
    &lt;form
      class=&quot;form-container&quot;
      role=&quot;form&quot;
    &gt;
      &lt;div
        class=&quot;form-field-container text&quot;
      &gt;
        &lt;label
          for=&quot;fullName&quot;
        &gt;
          Full Name
        &lt;/label&gt;
        &lt;input
          id=&quot;fullName&quot;
          name=&quot;fullName&quot;
          placeholder=&quot;Enter your full name&quot;
          required=&quot;&quot;
          type=&quot;text&quot;
        /&gt;
      &lt;/div&gt;
      &lt;div
        class=&quot;form-field-container text&quot;
      &gt;
        &lt;label
          for=&quot;userEmail&quot;
        &gt;
          User Email
        &lt;/label&gt;
        &lt;input
          id=&quot;userEmail&quot;
          name=&quot;userEmail&quot;
          placeholder=&quot;Enter your email address&quot;
          required=&quot;&quot;
          type=&quot;text&quot;
        /&gt;
      &lt;/div&gt;
      &lt;div
        class=&quot;form-field-container select&quot;
      &gt;
        &lt;label
          for=&quot;region&quot;
        &gt;
          Region
        &lt;/label&gt;
        &lt;select
          id=&quot;region&quot;
          name=&quot;region&quot;
          placeholder=&quot;Select your region&quot;
        &gt;
          &lt;option
            value=&quot;&quot;
          &gt;
            Select your region
          &lt;/option&gt;
          &lt;option
            value=&quot;ny&quot;
          &gt;
            New York
          &lt;/option&gt;
          &lt;option
            value=&quot;la&quot;
          &gt;
            Los Angeles
          &lt;/option&gt;
        &lt;/select&gt;
      &lt;/div&gt;
      &lt;div
        class=&quot;form-field-container checkbox&quot;
      &gt;
        &lt;label
          for=&quot;newsletter&quot;
        &gt;
          Sign up for newsletter
        &lt;/label&gt;
        &lt;input
          id=&quot;newsletter&quot;
          name=&quot;newsletter&quot;
          type=&quot;checkbox&quot;
        /&gt;
      &lt;/div&gt;
      &lt;div
        class=&quot;form-field-container nested&quot;
      &gt;
        &lt;label
          for=&quot;residence&quot;
        &gt;
          Residence
        &lt;/label&gt;
      &lt;/div&gt;
      &lt;button
        class=&quot;submit-btn&quot;
        type=&quot;submit&quot;
      &gt;
        Submit
      &lt;/button&gt;
    &lt;/form&gt;
  &lt;/div&gt;
&lt;/body&gt;
    at Object.getElementError (/Users/siva.manyam/frontend/projects/he-hello-world/node_modules/@testing-library/dom/dist/config.js:37:19)
    at getAllByLabelText (/Users/siva.manyam/frontend/projects/he-hello-world/node_modules/@testing-library/dom/dist/queries/label-text.js:111:38)
    at /Users/siva.manyam/frontend/projects/he-hello-world/node_modules/@testing-library/dom/dist/query-helpers.js:52:17
    at getByLabelText (/Users/siva.manyam/frontend/projects/he-hello-world/node_modules/@testing-library/dom/dist/query-helpers.js:95:19)
    at call (/Users/siva.manyam/frontend/projects/he-hello-world/src/__tests__/main.test.js:232:27)
    at tryCatch (/Users/siva.manyam/frontend/projects/he-hello-world/src/__tests__/main.test.js:2:1)
    at Generator._invoke (/Users/siva.manyam/frontend/projects/he-hello-world/src/__tests__/main.test.js:2:1)
    at Generator.next (/Users/siva.manyam/frontend/projects/he-hello-world/src/__tests__/main.test.js:2:1)
    at asyncGeneratorStep (/Users/siva.manyam/frontend/projects/he-hello-world/src/__tests__/main.test.js:2:1)
    at _next (/Users/siva.manyam/frontend/projects/he-hello-world/src/__tests__/main.test.js:2:1)
    at /Users/siva.manyam/frontend/projects/he-hello-world/src/__tests__/main.test.js:2:1
    at new Promise (&lt;anonymous&gt;)
    at Object.&lt;anonymous&gt; (/Users/siva.manyam/frontend/projects/he-hello-world/src/__tests__/main.test.js:2:1)
    at Object.asyncJestTest (/Users/siva.manyam/frontend/projects/he-hello-world/node_modules/jest-jasmine2/build/jasmineAsyncInstall.js:106:37)
    at /Users/siva.manyam/frontend/projects/he-hello-world/node_modules/jest-jasmine2/build/queueRunner.js:45:12
    at new Promise (&lt;anonymous&gt;)
    at mapper (/Users/siva.manyam/frontend/projects/he-hello-world/node_modules/jest-jasmine2/build/queueRunner.js:28:19)
    at /Users/siva.manyam/frontend/projects/he-hello-world/node_modules/jest-jasmine2/build/queueRunner.js:75:41</failure>
    </testcase>
    <testcase classname="" name="form should validate and submit correctly with nested data" time="3.037">
      <failure>TestingLibraryElementError: Unable to find an element with the text: /form validation failed/i. This could be because the text is broken up by multiple elements. In this case, you can provide a function for your text matcher to make your matcher more flexible.

Ignored nodes: comments, script, style
&lt;body&gt;
  &lt;div&gt;
    &lt;div
      class=&quot;form-status&quot;
    &gt;
      Form Submitted Successfully
    &lt;/div&gt;
    &lt;form
      class=&quot;form-container&quot;
      role=&quot;form&quot;
    &gt;
      &lt;div
        class=&quot;form-field-container text&quot;
      &gt;
        &lt;label
          for=&quot;fullName&quot;
        &gt;
          Full Name
        &lt;/label&gt;
        &lt;input
          id=&quot;fullName&quot;
          name=&quot;fullName&quot;
          placeholder=&quot;Enter your full name&quot;
          required=&quot;&quot;
          type=&quot;text&quot;
        /&gt;
      &lt;/div&gt;
      &lt;div
        class=&quot;form-field-container text&quot;
      &gt;
        &lt;label
          for=&quot;userEmail&quot;
        &gt;
          User Email
        &lt;/label&gt;
        &lt;input
          id=&quot;userEmail&quot;
          name=&quot;userEmail&quot;
          placeholder=&quot;Enter your email address&quot;
          required=&quot;&quot;
          type=&quot;text&quot;
        /&gt;
      &lt;/div&gt;
      &lt;div
        class=&quot;form-field-container select&quot;
      &gt;
        &lt;label
          for=&quot;region&quot;
        &gt;
          Region
        &lt;/label&gt;
        &lt;select
          id=&quot;region&quot;
          name=&quot;region&quot;
          placeholder=&quot;Select your region&quot;
        &gt;
          &lt;option
            value=&quot;&quot;
          &gt;
            Select your region
          &lt;/option&gt;
          &lt;option
            value=&quot;ny&quot;
          &gt;
            New York
          &lt;/option&gt;
          &lt;option
            value=&quot;la&quot;
          &gt;
            Los Angeles
          &lt;/option&gt;
        &lt;/select&gt;
      &lt;/div&gt;
      &lt;div
        class=&quot;form-field-container checkbox&quot;
      &gt;
        &lt;label
          for=&quot;newsletter&quot;
        &gt;
          Sign up for newsletter
        &lt;/label&gt;
        &lt;input
          id=&quot;newsletter&quot;
          name=&quot;newsletter&quot;
          type=&quot;checkbox&quot;
        /&gt;
      &lt;/div&gt;
      &lt;div
        class=&quot;form-field-container nested&quot;
      &gt;
        &lt;label
          for=&quot;residence&quot;
        &gt;
          Residence
        &lt;/label&gt;
      &lt;/div&gt;
      &lt;button
        class=&quot;submit-btn&quot;
        type=&quot;submit&quot;
      &gt;
        Submit
      &lt;/button&gt;
    &lt;/form&gt;
  &lt;/div&gt;
&lt;/body&gt;

Ignored nodes: comments, script, style
&lt;html&gt;
  &lt;head /&gt;
  &lt;body&gt;
    &lt;div&gt;
      &lt;div
        class=&quot;form-status&quot;
      &gt;
        Form Submitted Successfully
      &lt;/div&gt;
      &lt;form
        class=&quot;form-container&quot;
        role=&quot;form&quot;
      &gt;
        &lt;div
          class=&quot;form-field-container text&quot;
        &gt;
          &lt;label
            for=&quot;fullName&quot;
          &gt;
            Full Name
          &lt;/label&gt;
          &lt;input
            id=&quot;fullName&quot;
            name=&quot;fullName&quot;
            placeholder=&quot;Enter your full name&quot;
            required=&quot;&quot;
            type=&quot;text&quot;
          /&gt;
        &lt;/div&gt;
        &lt;div
          class=&quot;form-field-container text&quot;
        &gt;
          &lt;label
            for=&quot;userEmail&quot;
          &gt;
            User Email
          &lt;/label&gt;
          &lt;input
            id=&quot;userEmail&quot;
            name=&quot;userEmail&quot;
            placeholder=&quot;Enter your email address&quot;
            required=&quot;&quot;
            type=&quot;text&quot;
          /&gt;
        &lt;/div&gt;
        &lt;div
          class=&quot;form-field-container select&quot;
        &gt;
          &lt;label
            for=&quot;region&quot;
          &gt;
            Region
          &lt;/label&gt;
          &lt;select
            id=&quot;region&quot;
            name=&quot;region&quot;
            placeholder=&quot;Select your region&quot;
          &gt;
            &lt;option
              value=&quot;&quot;
            &gt;
              Select your region
            &lt;/option&gt;
            &lt;option
              value=&quot;ny&quot;
            &gt;
              New York
            &lt;/option&gt;
            &lt;option
              value=&quot;la&quot;
            &gt;
              Los Angeles
            &lt;/option&gt;
          &lt;/select&gt;
        &lt;/div&gt;
        &lt;div
          class=&quot;form-field-container checkbox&quot;
        &gt;
          &lt;label
            for=&quot;newsletter&quot;
          &gt;
            Sign up for newsletter
          &lt;/label&gt;
          &lt;input
            id=&quot;newsletter&quot;
            name=&quot;newsletter&quot;
            type=&quot;checkbox&quot;
          /&gt;
        &lt;/div&gt;
        &lt;div
          class=&quot;form-field-container nested&quot;
        &gt;
          &lt;label
            for=&quot;residence&quot;
          &gt;
            Residence
          &lt;/label&gt;
        &lt;/div&gt;
        &lt;button
          class=&quot;submit-btn&quot;
          type=&quot;submit&quot;
        &gt;
          Submit
        &lt;/button&gt;
      &lt;/form&gt;
    &lt;/div&gt;
  &lt;/body&gt;
&lt;/html&gt;Error: Unable to find an element with the text: /form validation failed/i. This could be because the text is broken up by multiple elements. In this case, you can provide a function for your text matcher to make your matcher more flexible.

Ignored nodes: comments, script, style
&lt;body&gt;
  &lt;div&gt;
    &lt;div
      class=&quot;form-status&quot;
    &gt;
      Form Submitted Successfully
    &lt;/div&gt;
    &lt;form
      class=&quot;form-container&quot;
      role=&quot;form&quot;
    &gt;
      &lt;div
        class=&quot;form-field-container text&quot;
      &gt;
        &lt;label
          for=&quot;fullName&quot;
        &gt;
          Full Name
        &lt;/label&gt;
        &lt;input
          id=&quot;fullName&quot;
          name=&quot;fullName&quot;
          placeholder=&quot;Enter your full name&quot;
          required=&quot;&quot;
          type=&quot;text&quot;
        /&gt;
      &lt;/div&gt;
      &lt;div
        class=&quot;form-field-container text&quot;
      &gt;
        &lt;label
          for=&quot;userEmail&quot;
        &gt;
          User Email
        &lt;/label&gt;
        &lt;input
          id=&quot;userEmail&quot;
          name=&quot;userEmail&quot;
          placeholder=&quot;Enter your email address&quot;
          required=&quot;&quot;
          type=&quot;text&quot;
        /&gt;
      &lt;/div&gt;
      &lt;div
        class=&quot;form-field-container select&quot;
      &gt;
        &lt;label
          for=&quot;region&quot;
        &gt;
          Region
        &lt;/label&gt;
        &lt;select
          id=&quot;region&quot;
          name=&quot;region&quot;
          placeholder=&quot;Select your region&quot;
        &gt;
          &lt;option
            value=&quot;&quot;
          &gt;
            Select your region
          &lt;/option&gt;
          &lt;option
            value=&quot;ny&quot;
          &gt;
            New York
          &lt;/option&gt;
          &lt;option
            value=&quot;la&quot;
          &gt;
            Los Angeles
          &lt;/option&gt;
        &lt;/select&gt;
      &lt;/div&gt;
      &lt;div
        class=&quot;form-field-container checkbox&quot;
      &gt;
        &lt;label
          for=&quot;newsletter&quot;
        &gt;
          Sign up for newsletter
        &lt;/label&gt;
        &lt;input
          id=&quot;newsletter&quot;
          name=&quot;newsletter&quot;
          type=&quot;checkbox&quot;
        /&gt;
      &lt;/div&gt;
      &lt;div
        class=&quot;form-field-container nested&quot;
      &gt;
        &lt;label
          for=&quot;residence&quot;
        &gt;
          Residence
        &lt;/label&gt;
      &lt;/div&gt;
      &lt;button
        class=&quot;submit-btn&quot;
        type=&quot;submit&quot;
      &gt;
        Submit
      &lt;/button&gt;
    &lt;/form&gt;
  &lt;/div&gt;
&lt;/body&gt;
    at waitForWrapper (/Users/siva.manyam/frontend/projects/he-hello-world/node_modules/@testing-library/dom/dist/wait-for.js:163:27)
    at call (/Users/siva.manyam/frontend/projects/he-hello-world/src/__tests__/main.test.js:300:16)
    at tryCatch (/Users/siva.manyam/frontend/projects/he-hello-world/src/__tests__/main.test.js:2:1)
    at Generator._invoke (/Users/siva.manyam/frontend/projects/he-hello-world/src/__tests__/main.test.js:2:1)
    at Generator.next (/Users/siva.manyam/frontend/projects/he-hello-world/src/__tests__/main.test.js:2:1)
    at asyncGeneratorStep (/Users/siva.manyam/frontend/projects/he-hello-world/src/__tests__/main.test.js:2:1)
    at _next (/Users/siva.manyam/frontend/projects/he-hello-world/src/__tests__/main.test.js:2:1)
    at /Users/siva.manyam/frontend/projects/he-hello-world/src/__tests__/main.test.js:2:1
    at new Promise (&lt;anonymous&gt;)
    at Object.&lt;anonymous&gt; (/Users/siva.manyam/frontend/projects/he-hello-world/src/__tests__/main.test.js:2:1)
    at Object.asyncJestTest (/Users/siva.manyam/frontend/projects/he-hello-world/node_modules/jest-jasmine2/build/jasmineAsyncInstall.js:106:37)
    at /Users/siva.manyam/frontend/projects/he-hello-world/node_modules/jest-jasmine2/build/queueRunner.js:45:12
    at new Promise (&lt;anonymous&gt;)
    at mapper (/Users/siva.manyam/frontend/projects/he-hello-world/node_modules/jest-jasmine2/build/queueRunner.js:28:19)
    at /Users/siva.manyam/frontend/projects/he-hello-world/node_modules/jest-jasmine2/build/queueRunner.js:75:41</failure>
    </testcase>
  </testsuite>
</testsuites>